<?xml version="1.0" encoding="UTF-8"?>
<testsuite name="| smith@technosoftacademy.io | test |" time="0.015" tests="16" errors="0" skipped="5" failures="0">
  <properties>
    <property name="java.runtime.name" value="Java(TM) SE Runtime Environment"/>
    <property name="sun.boot.library.path" value="C:\Program Files\Java\jdk1.8.0_201\jre\bin"/>
    <property name="java.vm.version" value="25.201-b09"/>
    <property name="java.vm.vendor" value="Oracle Corporation"/>
    <property name="maven.multiModuleProjectDirectory" value="C:\Users\16468\Downloads\cucumber demo\cucumber_demo_framework"/>
    <property name="java.vendor.url" value="http://java.oracle.com/"/>
    <property name="path.separator" value=";"/>
    <property name="guice.disable.misplaced.annotation.check" value="true"/>
    <property name="java.vm.name" value="Java HotSpot(TM) 64-Bit Server VM"/>
    <property name="file.encoding.pkg" value="sun.io"/>
    <property name="user.script" value=""/>
    <property name="user.country" value="US"/>
    <property name="sun.java.launcher" value="SUN_STANDARD"/>
    <property name="sun.os.patch.level" value=""/>
    <property name="java.vm.specification.name" value="Java Virtual Machine Specification"/>
    <property name="user.dir" value="C:\Users\16468\Downloads\cucumber demo\cucumber_demo_framework"/>
    <property name="java.runtime.version" value="1.8.0_201-b09"/>
    <property name="java.awt.graphicsenv" value="sun.awt.Win32GraphicsEnvironment"/>
    <property name="java.endorsed.dirs" value="C:\Program Files\Java\jdk1.8.0_201\jre\lib\endorsed"/>
    <property name="os.arch" value="amd64"/>
    <property name="java.io.tmpdir" value="C:\Users\16468\AppData\Local\Temp\"/>
    <property name="line.separator" value="&#10;"/>
    <property name="java.vm.specification.vendor" value="Oracle Corporation"/>
    <property name="user.variant" value=""/>
    <property name="os.name" value="Windows 10"/>
    <property name="classworlds.conf" value="C:\Users\16468\Downloads\apache-maven-3.6.1-bin\apache-maven-3.6.1\bin\..\bin\m2.conf"/>
    <property name="sun.jnu.encoding" value="Cp1252"/>
    <property name="java.library.path" value="C:\Program Files\Java\jdk1.8.0_201\bin;C:\Windows\Sun\Java\bin;C:\Windows\system32;C:\Windows;C:\Program Files (x86)\Common Files\Oracle\Java\javapath;C:\Windows\system32;C:\Windows;C:\Windows\System32\Wbem;C:\Windows\System32\WindowsPowerShell\v1.0\;C:\Windows\System32\OpenSSH\;C:\Program Files\Java\jdk1.8.0_201\bin;C:\Users\16468\Downloads\apache-maven-3.6.1-bin\apache-maven-3.6.1\bin;C:\ProgramData\chocolatey\bin;C:\Program Files\Git\cmd;C:\Users\16468\AppData\Local\Microsoft\WindowsApps;C:\Users\16468\AppData\Local\GitHubDesktop\bin;."/>
    <property name="maven.conf" value="C:\Users\16468\Downloads\apache-maven-3.6.1-bin\apache-maven-3.6.1\bin\../conf"/>
    <property name="java.specification.name" value="Java Platform API Specification"/>
    <property name="java.class.version" value="52.0"/>
    <property name="sun.management.compiler" value="HotSpot 64-Bit Tiered Compilers"/>
    <property name="os.version" value="10.0"/>
    <property name="library.jansi.path" value="C:\Users\16468\Downloads\apache-maven-3.6.1-bin\apache-maven-3.6.1\bin\..\lib\jansi-native"/>
    <property name="user.home" value="C:\Users\16468"/>
    <property name="user.timezone" value="America/New_York"/>
    <property name="java.awt.printerjob" value="sun.awt.windows.WPrinterJob"/>
    <property name="java.specification.version" value="1.8"/>
    <property name="file.encoding" value="Cp1252"/>
    <property name="user.name" value="16468"/>
    <property name="java.class.path" value="C:\Users\16468\Downloads\apache-maven-3.6.1-bin\apache-maven-3.6.1\bin\..\boot\plexus-classworlds-2.6.0.jar"/>
    <property name="java.vm.specification.version" value="1.8"/>
    <property name="sun.arch.data.model" value="64"/>
    <property name="java.home" value="C:\Program Files\Java\jdk1.8.0_201\jre"/>
    <property name="sun.java.command" value="org.codehaus.plexus.classworlds.launcher.Launcher clean test"/>
    <property name="java.specification.vendor" value="Oracle Corporation"/>
    <property name="user.language" value="en"/>
    <property name="awt.toolkit" value="sun.awt.windows.WToolkit"/>
    <property name="java.vm.info" value="mixed mode"/>
    <property name="java.version" value="1.8.0_201"/>
    <property name="java.ext.dirs" value="C:\Program Files\Java\jdk1.8.0_201\jre\lib\ext;C:\Windows\Sun\Java\lib\ext"/>
    <property name="sun.boot.class.path" value="C:\Program Files\Java\jdk1.8.0_201\jre\lib\resources.jar;C:\Program Files\Java\jdk1.8.0_201\jre\lib\rt.jar;C:\Program Files\Java\jdk1.8.0_201\jre\lib\sunrsasign.jar;C:\Program Files\Java\jdk1.8.0_201\jre\lib\jsse.jar;C:\Program Files\Java\jdk1.8.0_201\jre\lib\jce.jar;C:\Program Files\Java\jdk1.8.0_201\jre\lib\charsets.jar;C:\Program Files\Java\jdk1.8.0_201\jre\lib\jfr.jar;C:\Program Files\Java\jdk1.8.0_201\jre\classes"/>
    <property name="sun.stderr.encoding" value="cp437"/>
    <property name="java.vendor" value="Oracle Corporation"/>
    <property name="maven.home" value="C:\Users\16468\Downloads\apache-maven-3.6.1-bin\apache-maven-3.6.1\bin\.."/>
    <property name="file.separator" value="\"/>
    <property name="java.vendor.url.bug" value="http://bugreport.sun.com/bugreport/"/>
    <property name="sun.cpu.endian" value="little"/>
    <property name="sun.io.unicode.encoding" value="UnicodeLittle"/>
    <property name="sun.stdout.encoding" value="cp437"/>
    <property name="sun.desktop" value="windows"/>
    <property name="sun.cpu.isalist" value="amd64"/>
  </properties>
  <testcase name="| mohammad@technosoftacademy.io | test1234 |" classname="| mohammad@technosoftacademy.io | test1234 |" time="0">
    <skipped/>
  </testcase>
  <testcase name="| mohammad@technosoftacademy.io | test1234 |" classname="| mohammad@technosoftacademy.io | test1234 |" time="0.001"/>
  <testcase name="Given I am on home page" classname="| chris@technosoftacademy.io | abc123 |" time="0.002"/>
  <testcase name="When I enter chris@technosoftacademy.io into username text fields on home screen" classname="| chris@technosoftacademy.io | abc123 |" time="0"/>
  <testcase name="And I enter abc123 into password text fields on home screen" classname="| chris@technosoftacademy.io | abc123 |" time="0"/>
  <testcase name="And I click on login button on home screen" classname="| chris@technosoftacademy.io | abc123 |" time="0.008"/>
  <testcase name="Then I verify that i am an invalid login page" classname="| chris@technosoftacademy.io | abc123 |" time="0">
    <skipped/>
  </testcase>
  <testcase name="| chris@technosoftacademy.io | abc123 |" classname="| chris@technosoftacademy.io | abc123 |" time="0">
    <skipped/>
  </testcase>
  <testcase name="| chris@technosoftacademy.io | abc123 |" classname="| chris@technosoftacademy.io | abc123 |" time="3.199"/>
  <testcase name="Given I am on home page" classname="| smith@technosoftacademy.io | test |" time="0.002"/>
  <testcase name="When I enter smith@technosoftacademy.io into username text fields on home screen" classname="| smith@technosoftacademy.io | test |" time="0.001"/>
  <testcase name="And I enter test into password text fields on home screen" classname="| smith@technosoftacademy.io | test |" time="0.001"/>
  <testcase name="And I click on login button on home screen" classname="| smith@technosoftacademy.io | test |" time="0.001"/>
  <testcase name="Then I verify that i am an invalid login page" classname="| smith@technosoftacademy.io | test |" time="0">
    <skipped/>
  </testcase>
  <testcase name="| smith@technosoftacademy.io | test |" classname="| smith@technosoftacademy.io | test |" time="0">
    <skipped/>
  </testcase>
  <testcase name="| smith@technosoftacademy.io | test |" classname="| smith@technosoftacademy.io | test |" time="1.328"/>
</testsuite>